<?xml version="1.0" encoding="UTF-8"?>
<!-- Generated by org.testng.reporters.JUnitXMLReporter -->
<testsuite ignored="42" hostname="LAPTOP-KRFG0B0G" failures="0" tests="1" name="Default test" time="15.081" errors="0" timestamp="2023-03-20T17:59:13 PDT">
  <testcase classname="com.feb16.salesforce.sfdcAutomation" name="SaveNewContactButton" time="11.144"/>
  <testcase classname="com.feb16.salesforce.sfdcAutomation" name="QuarterlySummaryD" time="0.0">
    <ignored/>
  </testcase> <!-- QuarterlySummaryD -->
  <testcase classname="com.feb16.salesforce.sfdcAutomation" name="QuarterlySummaryC" time="0.0">
    <ignored/>
  </testcase> <!-- QuarterlySummaryC -->
  <testcase classname="com.feb16.salesforce.sfdcAutomation" name="QuarterlySummary" time="0.0">
    <ignored/>
  </testcase> <!-- QuarterlySummary -->
  <testcase classname="com.feb16.salesforce.sfdcAutomation" name="CreateView" time="0.0">
    <ignored/>
  </testcase> <!-- CreateView -->
  <testcase classname="com.feb16.salesforce.sfdcAutomation" name="BlockingEvent" time="0.0">
    <ignored/>
  </testcase> <!-- BlockingEvent -->
  <testcase classname="com.feb16.salesforce.sfdcAutomation" name="LeadDefaultViewA" time="0.0">
    <ignored/>
  </testcase> <!-- LeadDefaultViewA -->
  <testcase classname="com.feb16.salesforce.sfdcAutomation" name="LeadTab" time="0.0">
    <ignored/>
  </testcase> <!-- LeadTab -->
  <testcase classname="com.feb16.salesforce.sfdcAutomation" name="TodaysLead" time="0.0">
    <ignored/>
  </testcase> <!-- TodaysLead -->
  <testcase classname="com.feb16.salesforce.sfdcAutomation" name="AccReport" time="0.0">
    <ignored/>
  </testcase> <!-- AccReport -->
  <testcase classname="com.feb16.salesforce.sfdcAutomation" name="CreateNewViewContact" time="0.0">
    <ignored/>
  </testcase> <!-- CreateNewViewContact -->
  <testcase classname="com.feb16.salesforce.sfdcAutomation" name="CreateViewCancel" time="0.0">
    <ignored/>
  </testcase> <!-- CreateViewCancel -->
  <testcase classname="com.feb16.salesforce.sfdcAutomation" name="MySettings" time="0.0">
    <ignored/>
  </testcase> <!-- MySettings -->
  <testcase classname="com.feb16.salesforce.sfdcAutomation" name="NewOpportunities" time="0.0">
    <ignored/>
  </testcase> <!-- NewOpportunities -->
  <testcase classname="com.feb16.salesforce.sfdcAutomation" name="UserMenu" time="0.0">
    <ignored/>
  </testcase> <!-- UserMenu -->
  <testcase classname="com.feb16.salesforce.sfdcAutomation" name="DevConsole" time="0.0">
    <ignored/>
  </testcase> <!-- DevConsole -->
  <testcase classname="com.feb16.salesforce.sfdcAutomation" name="VerifyEditLastName" time="0.0">
    <ignored/>
  </testcase> <!-- VerifyEditLastName -->
  <testcase classname="com.feb16.salesforce.sfdcAutomation" name="EditName" time="0.0">
    <ignored/>
  </testcase> <!-- EditName -->
  <testcase classname="com.feb16.salesforce.sfdcAutomation" name="VerifyFirstLastName" time="0.0">
    <ignored/>
  </testcase> <!-- VerifyFirstLastName -->
  <testcase classname="com.feb16.salesforce.sfdcAutomation" name="OpportunitiesPipeline" time="0.0">
    <ignored/>
  </testcase> <!-- OpportunitiesPipeline -->
  <testcase classname="com.feb16.salesforce.sfdcAutomation" name="CheckMyContacts" time="0.0">
    <ignored/>
  </testcase> <!-- CheckMyContacts -->
  <testcase classname="com.feb16.salesforce.sfdcAutomation" name="CustomizeTabs" time="0.0">
    <ignored/>
  </testcase> <!-- CustomizeTabs -->
  <testcase classname="com.feb16.salesforce.sfdcAutomation" name="ViewContact" time="0.0">
    <ignored/>
  </testcase> <!-- ViewContact -->
  <testcase classname="com.feb16.salesforce.sfdcAutomation" name="Logout" time="0.0">
    <ignored/>
  </testcase> <!-- Logout -->
  <testcase classname="com.feb16.salesforce.sfdcAutomation" name="NewTodaysLead" time="0.0">
    <ignored/>
  </testcase> <!-- NewTodaysLead -->
  <testcase classname="com.feb16.salesforce.sfdcAutomation" name="LeadDropDown" time="0.0">
    <ignored/>
  </testcase> <!-- LeadDropDown -->
  <testcase classname="com.feb16.salesforce.sfdcAutomation" name="CheckRecentContact" time="0.0">
    <ignored/>
  </testcase> <!-- CheckRecentContact -->
  <testcase classname="com.feb16.salesforce.sfdcAutomation" name="QuarterlySummaryB" time="0.0">
    <ignored/>
  </testcase> <!-- QuarterlySummaryB -->
  <testcase classname="com.feb16.salesforce.sfdcAutomation" name="StuckOpportunity" time="0.0">
    <ignored/>
  </testcase> <!-- StuckOpportunity -->
  <testcase classname="com.feb16.salesforce.sfdcAutomation" name="Forgotpwd" time="0.0">
    <ignored/>
  </testcase> <!-- Forgotpwd -->
  <testcase classname="com.feb16.salesforce.sfdcAutomation" name="Opportunities" time="0.0">
    <ignored/>
  </testcase> <!-- Opportunities -->
  <testcase classname="com.feb16.salesforce.sfdcAutomation" name="ErrorLogin" time="0.0">
    <ignored/>
  </testcase> <!-- ErrorLogin -->
  <testcase classname="com.feb16.salesforce.sfdcAutomation" name="wrongUser" time="0.0">
    <ignored/>
  </testcase> <!-- wrongUser -->
  <testcase classname="com.feb16.salesforce.sfdcAutomation" name="CreateAcc" time="0.0">
    <ignored/>
  </testcase> <!-- CreateAcc -->
  <testcase classname="com.feb16.salesforce.sfdcAutomation" name="LeadDefaultView" time="0.0">
    <ignored/>
  </testcase> <!-- LeadDefaultView -->
  <testcase classname="com.feb16.salesforce.sfdcAutomation" name="BlockingEventWeekly" time="0.0">
    <ignored/>
  </testcase> <!-- BlockingEventWeekly -->
  <testcase classname="com.feb16.salesforce.sfdcAutomation" name="LaunchPage" time="0.0">
    <ignored/>
  </testcase> <!-- LaunchPage -->
  <testcase classname="com.feb16.salesforce.sfdcAutomation" name="MergeAcc" time="0.0">
    <ignored/>
  </testcase> <!-- MergeAcc -->
  <testcase classname="com.feb16.salesforce.sfdcAutomation" name="NewContact" time="0.0">
    <ignored/>
  </testcase> <!-- NewContact -->
  <testcase classname="com.feb16.salesforce.sfdcAutomation" name="ErrorUniqueName" time="0.0">
    <ignored/>
  </testcase> <!-- ErrorUniqueName -->
  <testcase classname="com.feb16.salesforce.sfdcAutomation" name="MyProfile" time="0.0">
    <ignored/>
  </testcase> <!-- MyProfile -->
  <testcase classname="com.feb16.salesforce.sfdcAutomation" name="RememberUn" time="0.0">
    <ignored/>
  </testcase> <!-- RememberUn -->
  <testcase classname="com.feb16.salesforce.sfdcAutomation" name="CustomizeTabsA" time="0.0">
    <ignored/>
  </testcase> <!-- CustomizeTabsA -->
</testsuite> <!-- Default test -->
