<?xml version="1.0" encoding="UTF-8"?>
<testng-results ignored="42" total="43" passed="1" failed="0" skipped="0">
  <reporter-output>
  </reporter-output>
  <suite started-at="2023-03-20T17:58:58 PDT" name="Default suite" finished-at="2023-03-20T17:59:13 PDT" duration-ms="15081">
    <groups>
    </groups>
    <test started-at="2023-03-20T17:58:58 PDT" name="Default test" finished-at="2023-03-20T17:59:13 PDT" duration-ms="15081">
      <class name="com.feb16.salesforce.sfdcAutomation">
        <test-method is-config="true" signature="set_UpBeforeTest()[pri:0, instance:com.feb16.salesforce.sfdcAutomation@4f18837a]" started-at="2023-03-20T17:58:58 PDT" name="set_UpBeforeTest" finished-at="2023-03-20T17:58:58 PDT" duration-ms="462" status="PASS">
          <reporter-output>
          </reporter-output>
        </test-method> <!-- set_UpBeforeTest -->
        <test-method is-config="true" signature="BeforeTestMethod(java.lang.String,java.lang.reflect.Method)[pri:0, instance:com.feb16.salesforce.sfdcAutomation@4f18837a]" started-at="2023-03-20T17:58:58 PDT" name="BeforeTestMethod" finished-at="2023-03-20T17:59:01 PDT" duration-ms="2901" status="PASS">
          <params>
            <param index="0">
              <value>
                <![CDATA[chrome]]>
              </value>
            </param>
            <param index="1">
              <value>
                <![CDATA[public static void com.feb16.salesforce.sfdcAutomation.SaveNewContactButton() throws java.io.IOException,java.lang.InterruptedException]]>
              </value>
            </param>
          </params>
          <reporter-output>
          </reporter-output>
        </test-method> <!-- BeforeTestMethod -->
        <test-method signature="SaveNewContactButton()[pri:0, instance:com.feb16.salesforce.sfdcAutomation@4f18837a]" started-at="2023-03-20T17:59:01 PDT" name="SaveNewContactButton" finished-at="2023-03-20T17:59:12 PDT" duration-ms="11144" status="PASS">
          <reporter-output>
          </reporter-output>
        </test-method> <!-- SaveNewContactButton -->
        <test-method is-config="true" signature="AfterTestMethod()[pri:0, instance:com.feb16.salesforce.sfdcAutomation@4f18837a]" started-at="2023-03-20T17:59:12 PDT" name="AfterTestMethod" finished-at="2023-03-20T17:59:13 PDT" duration-ms="362" status="PASS">
          <reporter-output>
          </reporter-output>
        </test-method> <!-- AfterTestMethod -->
      </class> <!-- com.feb16.salesforce.sfdcAutomation -->
    </test> <!-- Default test -->
  </suite> <!-- Default suite -->
</testng-results>
